
     ************************************************
     **                                            **
     **     Welcome to "PLSTss"  Version 2.3       **
     **                          ( 2012.11.20 )    **
     **                                            **
     ************************************************


*) Enter the input file name without extension:  

   ***** Information for the Renumbered DOF does NOT exist! *****
         Use the Default Numbering for Assemble


     CHECKing the FEM data ............................. done!!

   ***** PARDISO Solver will be Used for the Analysis *****
       with Compressed Row Storage format for Upper Part

   ***** PLSTss Parameters for FE-model *****
      1) Total Number of Nodes:                      8
      2) Total Number of Elements:                   1
      3) Total Number of Degrees of Freedom:        24
      4) Total DOF to be solved:                    12
      5) Total Stiffness Array Size:               300
      6) Total SAS to be solved:                    78
      7) Number of DOF/node:                         3
      8) Number of Nodes/Element:                    8
      9) Number of Material Properties:              1
     10) Number of Material Angles:                  1
     11) Number of Loading Sets:                     1
     12) Number of Point Loads:                      4
     13) Number of Distributed Loads:                0
     14) Number of Body Forces:                      0
     15) Number of Prescribed Displacements:         7

      *) TOLERANCE of this computation:    1.00000E-50


   ***** PLSTss Array Size for Computation *****
     *) Total Array Size Required for Computation:       2197
     *) Array Size Declared in "main.f" (NDIM):     100000000
     *) Approximately Memory Size:                    762.939 MByte


     READing the FEM data ................ done!!


***** Loading Step :     1/   20 *****
  Iteration :   1

          Total Peak Memory during factorization:        147 (KB)
          Parmanet Memory from phase1 to phase3:         147 (KB)
          Total Double Precision Memory for solving:       2 (KB)

  ftreg     = -0.18064E+03
  ftreg     = -0.18064E+03
  ftreg     = -0.18064E+03
  ftreg     = -0.18064E+03
  ftreg     = -0.18064E+03
  ftreg     = -0.18064E+03
  ftreg     = -0.18064E+03
  ftreg     = -0.18064E+03
         df : 0.50000E-01, dfact :  0.50000E-01,      arc :  0.00000E+00
      rnorm : 0.16561E-13, fnorm :  0.60000E+02, RESIDUAL :  0.27602E-15
  Iteration :   2
  ftreg     = -0.18064E+03
  ftreg     = -0.18064E+03
  ftreg     = -0.18064E+03
  ftreg     = -0.18064E+03
  ftreg     = -0.18064E+03
  ftreg     = -0.18064E+03
  ftreg     = -0.18064E+03
  ftreg     = -0.18064E+03
         df : 0.50000E-01, dfact :  0.50000E-01,      arc :  0.00000E+00
      rnorm : 0.96882E-14, fnorm :  0.60000E+02, RESIDUAL :  0.16147E-15
  Iteration :   3
  ftreg     = -0.18064E+03
  ftreg     = -0.18064E+03
  ftreg     = -0.18064E+03
  ftreg     = -0.18064E+03
  ftreg     = -0.18064E+03
  ftreg     = -0.18064E+03
  ftreg     = -0.18064E+03
  ftreg     = -0.18064E+03
         df : 0.50000E-01, dfact :  0.50000E-01,      arc :  0.00000E+00
      rnorm : 0.11409E-13, fnorm :  0.60000E+02, RESIDUAL :  0.19015E-15
  Iteration :   4
  ftreg     = -0.18064E+03
  ftreg     = -0.18064E+03
  ftreg     = -0.18064E+03
  ftreg     = -0.18064E+03
  ftreg     = -0.18064E+03
  ftreg     = -0.18064E+03
  ftreg     = -0.18064E+03
  ftreg     = -0.18064E+03
         df : 0.50000E-01, dfact :  0.50000E-01,      arc :  0.00000E+00
      rnorm : 0.12030E-13, fnorm :  0.60000E+02, RESIDUAL :  0.20050E-15
  Iteration :   5
  ftreg     = -0.18064E+03
  ftreg     = -0.18064E+03
  ftreg     = -0.18064E+03
  ftreg     = -0.18064E+03
  ftreg     = -0.18064E+03
  ftreg     = -0.18064E+03
  ftreg     = -0.18064E+03
  ftreg     = -0.18064E+03
         df : 0.50000E-01, dfact :  0.50000E-01,      arc :  0.00000E+00
      rnorm : 0.69804E-14, fnorm :  0.60000E+02, RESIDUAL :  0.11634E-15
  Iteration :   6
  ftreg     = -0.18064E+03
  ftreg     = -0.18064E+03
  ftreg     = -0.18064E+03
  ftreg     = -0.18064E+03
  ftreg     = -0.18064E+03
  ftreg     = -0.18064E+03
  ftreg     = -0.18064E+03
  ftreg     = -0.18064E+03
         df : 0.50000E-01, dfact :  0.50000E-01,      arc :  0.00000E+00
      rnorm : 0.11278E-13, fnorm :  0.60000E+02, RESIDUAL :  0.18796E-15
  Iteration :   7
  ftreg     = -0.18064E+03
  ftreg     = -0.18064E+03
  ftreg     = -0.18064E+03
  ftreg     = -0.18064E+03
  ftreg     = -0.18064E+03
  ftreg     = -0.18064E+03
  ftreg     = -0.18064E+03
  ftreg     = -0.18064E+03
         df : 0.50000E-01, dfact :  0.50000E-01,      arc :  0.00000E+00
      rnorm : 0.85272E-14, fnorm :  0.60000E+02, RESIDUAL :  0.14212E-15
  Iteration :   8
  ftreg     = -0.18064E+03
  ftreg     = -0.18064E+03
  ftreg     = -0.18064E+03
  ftreg     = -0.18064E+03
  ftreg     = -0.18064E+03
  ftreg     = -0.18064E+03
  ftreg     = -0.18064E+03
  ftreg     = -0.18064E+03
         df : 0.50000E-01, dfact :  0.50000E-01,      arc :  0.00000E+00
      rnorm : 0.76977E-14, fnorm :  0.60000E+02, RESIDUAL :  0.12829E-15
  Iteration :   9
  ftreg     = -0.18064E+03
  ftreg     = -0.18064E+03
  ftreg     = -0.18064E+03
  ftreg     = -0.18064E+03
  ftreg     = -0.18064E+03
  ftreg     = -0.18064E+03
  ftreg     = -0.18064E+03
  ftreg     = -0.18064E+03
         df : 0.50000E-01, dfact :  0.50000E-01,      arc :  0.00000E+00
      rnorm : 0.65359E-14, fnorm :  0.60000E+02, RESIDUAL :  0.10893E-15
  Iteration :  10
  ftreg     = -0.18064E+03
  ftreg     = -0.18064E+03
  ftreg     = -0.18064E+03
  ftreg     = -0.18064E+03
  ftreg     = -0.18064E+03
  ftreg     = -0.18064E+03
  ftreg     = -0.18064E+03
  ftreg     = -0.18064E+03
         df : 0.50000E-01, dfact :  0.50000E-01,      arc :  0.00000E+00
      rnorm : 0.10191E-13, fnorm :  0.60000E+02, RESIDUAL :  0.16986E-15
  Iteration :  11
  ftreg     = -0.18064E+03
  ftreg     = -0.18064E+03
  ftreg     = -0.18064E+03
  ftreg     = -0.18064E+03
  ftreg     = -0.18064E+03
  ftreg     = -0.18064E+03
  ftreg     = -0.18064E+03
  ftreg     = -0.18064E+03
         df : 0.50000E-01, dfact :  0.50000E-01,      arc :  0.00000E+00
      rnorm : 0.90849E-14, fnorm :  0.60000E+02, RESIDUAL :  0.15141E-15
  Iteration :  12
  ftreg     = -0.18064E+03
  ftreg     = -0.18064E+03
  ftreg     = -0.18064E+03
  ftreg     = -0.18064E+03
  ftreg     = -0.18064E+03
  ftreg     = -0.18064E+03
  ftreg     = -0.18064E+03
  ftreg     = -0.18064E+03
         df : 0.50000E-01, dfact :  0.50000E-01,      arc :  0.00000E+00
      rnorm : 0.96656E-14, fnorm :  0.60000E+02, RESIDUAL :  0.16109E-15
  Iteration :  13
  ftreg     = -0.18064E+03
  ftreg     = -0.18064E+03
  ftreg     = -0.18064E+03
  ftreg     = -0.18064E+03
  ftreg     = -0.18064E+03
  ftreg     = -0.18064E+03
  ftreg     = -0.18064E+03
  ftreg     = -0.18064E+03
         df : 0.50000E-01, dfact :  0.50000E-01,      arc :  0.00000E+00
      rnorm : 0.99773E-14, fnorm :  0.60000E+02, RESIDUAL :  0.16629E-15
  Iteration :  14
  ftreg     = -0.18064E+03
  ftreg     = -0.18064E+03
  ftreg     = -0.18064E+03
  ftreg     = -0.18064E+03
  ftreg     = -0.18064E+03
  ftreg     = -0.18064E+03
  ftreg     = -0.18064E+03
  ftreg     = -0.18064E+03
         df : 0.50000E-01, dfact :  0.50000E-01,      arc :  0.00000E+00
      rnorm : 0.11451E-13, fnorm :  0.60000E+02, RESIDUAL :  0.19085E-15
  Iteration :  15
  ftreg     = -0.18064E+03
  ftreg     = -0.18064E+03
  ftreg     = -0.18064E+03
  ftreg     = -0.18064E+03
  ftreg     = -0.18064E+03
  ftreg     = -0.18064E+03
  ftreg     = -0.18064E+03
  ftreg     = -0.18064E+03
         df : 0.50000E-01, dfact :  0.50000E-01,      arc :  0.00000E+00
      rnorm : 0.11676E-13, fnorm :  0.60000E+02, RESIDUAL :  0.19461E-15
  Iteration :  16
  ftreg     = -0.18064E+03
  ftreg     = -0.18064E+03
  ftreg     = -0.18064E+03
  ftreg     = -0.18064E+03
  ftreg     = -0.18064E+03
  ftreg     = -0.18064E+03
  ftreg     = -0.18064E+03
  ftreg     = -0.18064E+03
         df : 0.50000E-01, dfact :  0.50000E-01,      arc :  0.00000E+00
      rnorm : 0.89420E-14, fnorm :  0.60000E+02, RESIDUAL :  0.14903E-15
  Iteration :  17
  ftreg     = -0.18064E+03
  ftreg     = -0.18064E+03
  ftreg     = -0.18064E+03
  ftreg     = -0.18064E+03
  ftreg     = -0.18064E+03
  ftreg     = -0.18064E+03
  ftreg     = -0.18064E+03
  ftreg     = -0.18064E+03
         df : 0.50000E-01, dfact :  0.50000E-01,      arc :  0.00000E+00
      rnorm : 0.11388E-13, fnorm :  0.60000E+02, RESIDUAL :  0.18980E-15
  Iteration :  18
  ftreg     = -0.18064E+03
  ftreg     = -0.18064E+03
  ftreg     = -0.18064E+03
  ftreg     = -0.18064E+03
  ftreg     = -0.18064E+03
  ftreg     = -0.18064E+03
  ftreg     = -0.18064E+03
  ftreg     = -0.18064E+03
         df : 0.50000E-01, dfact :  0.50000E-01,      arc :  0.00000E+00
      rnorm : 0.12026E-13, fnorm :  0.60000E+02, RESIDUAL :  0.20043E-15
  Iteration :  19
  ftreg     = -0.18064E+03
  ftreg     = -0.18064E+03
  ftreg     = -0.18064E+03
  ftreg     = -0.18064E+03
  ftreg     = -0.18064E+03
  ftreg     = -0.18064E+03
  ftreg     = -0.18064E+03
  ftreg     = -0.18064E+03
         df : 0.50000E-01, dfact :  0.50000E-01,      arc :  0.00000E+00
      rnorm : 0.12553E-13, fnorm :  0.60000E+02, RESIDUAL :  0.20921E-15
  Iteration :  20
  ftreg     = -0.18064E+03
  ftreg     = -0.18064E+03
  ftreg     = -0.18064E+03
  ftreg     = -0.18064E+03
  ftreg     = -0.18064E+03
  ftreg     = -0.18064E+03
  ftreg     = -0.18064E+03
  ftreg     = -0.18064E+03
         df : 0.50000E-01, dfact :  0.50000E-01,      arc :  0.00000E+00
      rnorm : 0.75528E-14, fnorm :  0.60000E+02, RESIDUAL :  0.12588E-15
 Iteration Does NOT CONVERGED!!

Some error has occured Check the error ID
  error ID :    20
Emergency STOP!
