
     ************************************************
     **                                            **
     **     Welcome to "PLSTss"  Version 2.3       **
     **                          ( 2012.11.20 )    **
     **                                            **
     ************************************************


*) Enter the input file name without extension:  

   ***** Information for the Renumbered DOF does NOT exist! *****
         Use the Default Numbering for Assemble


     CHECKing the FEM data ............................. done!!

   ***** PARDISO Solver will be Used for the Analysis *****
       with Compressed Row Storage format for Upper Part

   ***** PLSTss Parameters for FE-model *****
      1) Total Number of Nodes:                      8
      2) Total Number of Elements:                   1
      3) Total Number of Degrees of Freedom:        24
      4) Total DOF to be solved:                    12
      5) Total Stiffness Array Size:               300
      6) Total SAS to be solved:                    78
      7) Number of DOF/node:                         3
      8) Number of Nodes/Element:                    8
      9) Number of Material Properties:              1
     10) Number of Material Angles:                  1
     11) Number of Loading Sets:                     1
     12) Number of Point Loads:                      4
     13) Number of Distributed Loads:                0
     14) Number of Body Forces:                      0
     15) Number of Prescribed Displacements:         7

      *) TOLERANCE of this computation:    1.00000E-30


   ***** PLSTss Array Size for Computation *****
     *) Total Array Size Required for Computation:       2197
     *) Array Size Declared in "main.f" (NDIM):     100000000
     *) Approximately Memory Size:                    762.939 MByte


     READing the FEM data ................ done!!


***** Loading Step :     1/   20 *****
  Iteration :   1

          Total Peak Memory during factorization:        147 (KB)
          Parmanet Memory from phase1 to phase3:         147 (KB)
          Total Double Precision Memory for solving:       2 (KB)

  ftreg     = -0.19076E+03
  ftreg     = -0.19076E+03
  ftreg     = -0.19076E+03
  ftreg     = -0.19076E+03
  ftreg     = -0.19076E+03
  ftreg     = -0.19076E+03
  ftreg     = -0.19076E+03
  ftreg     = -0.19076E+03
         df : 0.50000E-01, dfact :  0.50000E-01,      arc :  0.00000E+00
      rnorm : 0.12262E-13, fnorm :  0.50000E+02, RESIDUAL :  0.24525E-15
  Iteration :   2
  ftreg     = -0.19076E+03
  ftreg     = -0.19076E+03
  ftreg     = -0.19076E+03
  ftreg     = -0.19076E+03
  ftreg     = -0.19076E+03
  ftreg     = -0.19076E+03
  ftreg     = -0.19076E+03
  ftreg     = -0.19076E+03
         df : 0.50000E-01, dfact :  0.50000E-01,      arc :  0.00000E+00
      rnorm : 0.63789E-14, fnorm :  0.50000E+02, RESIDUAL :  0.12758E-15
  Iteration :   3
  ftreg     = -0.19076E+03
  ftreg     = -0.19076E+03
  ftreg     = -0.19076E+03
  ftreg     = -0.19076E+03
  ftreg     = -0.19076E+03
  ftreg     = -0.19076E+03
  ftreg     = -0.19076E+03
  ftreg     = -0.19076E+03
         df : 0.50000E-01, dfact :  0.50000E-01,      arc :  0.00000E+00
      rnorm : 0.48504E-14, fnorm :  0.50000E+02, RESIDUAL :  0.97008E-16
  Iteration :   4
  ftreg     = -0.19076E+03
  ftreg     = -0.19076E+03
  ftreg     = -0.19076E+03
  ftreg     = -0.19076E+03
  ftreg     = -0.19076E+03
  ftreg     = -0.19076E+03
  ftreg     = -0.19076E+03
  ftreg     = -0.19076E+03
         df : 0.50000E-01, dfact :  0.50000E-01,      arc :  0.00000E+00
      rnorm : 0.40569E-14, fnorm :  0.50000E+02, RESIDUAL :  0.81139E-16
  Iteration :   5
  ftreg     = -0.19076E+03
  ftreg     = -0.19076E+03
  ftreg     = -0.19076E+03
  ftreg     = -0.19076E+03
  ftreg     = -0.19076E+03
  ftreg     = -0.19076E+03
  ftreg     = -0.19076E+03
  ftreg     = -0.19076E+03
         df : 0.50000E-01, dfact :  0.50000E-01,      arc :  0.00000E+00
      rnorm : 0.53832E-14, fnorm :  0.50000E+02, RESIDUAL :  0.10766E-15
  Iteration :   6
  ftreg     = -0.19076E+03
  ftreg     = -0.19076E+03
  ftreg     = -0.19076E+03
  ftreg     = -0.19076E+03
  ftreg     = -0.19076E+03
  ftreg     = -0.19076E+03
  ftreg     = -0.19076E+03
  ftreg     = -0.19076E+03
         df : 0.50000E-01, dfact :  0.50000E-01,      arc :  0.00000E+00
      rnorm : 0.62195E-14, fnorm :  0.50000E+02, RESIDUAL :  0.12439E-15
  Iteration :   7
  ftreg     = -0.19076E+03
  ftreg     = -0.19076E+03
  ftreg     = -0.19076E+03
  ftreg     = -0.19076E+03
  ftreg     = -0.19076E+03
  ftreg     = -0.19076E+03
  ftreg     = -0.19076E+03
  ftreg     = -0.19076E+03
         df : 0.50000E-01, dfact :  0.50000E-01,      arc :  0.00000E+00
      rnorm : 0.14395E-13, fnorm :  0.50000E+02, RESIDUAL :  0.28790E-15
  Iteration :   8
  ftreg     = -0.19076E+03
  ftreg     = -0.19076E+03
  ftreg     = -0.19076E+03
  ftreg     = -0.19076E+03
  ftreg     = -0.19076E+03
  ftreg     = -0.19076E+03
  ftreg     = -0.19076E+03
  ftreg     = -0.19076E+03
         df : 0.50000E-01, dfact :  0.50000E-01,      arc :  0.00000E+00
      rnorm : 0.15204E-13, fnorm :  0.50000E+02, RESIDUAL :  0.30408E-15
  Iteration :   9
  ftreg     = -0.19076E+03
  ftreg     = -0.19076E+03
  ftreg     = -0.19076E+03
  ftreg     = -0.19076E+03
  ftreg     = -0.19076E+03
  ftreg     = -0.19076E+03
  ftreg     = -0.19076E+03
  ftreg     = -0.19076E+03
         df : 0.50000E-01, dfact :  0.50000E-01,      arc :  0.00000E+00
      rnorm : 0.45748E-14, fnorm :  0.50000E+02, RESIDUAL :  0.91497E-16
  Iteration :  10
  ftreg     = -0.19076E+03
  ftreg     = -0.19076E+03
  ftreg     = -0.19076E+03
  ftreg     = -0.19076E+03
  ftreg     = -0.19076E+03
  ftreg     = -0.19076E+03
  ftreg     = -0.19076E+03
  ftreg     = -0.19076E+03
         df : 0.50000E-01, dfact :  0.50000E-01,      arc :  0.00000E+00
      rnorm : 0.40277E-14, fnorm :  0.50000E+02, RESIDUAL :  0.80553E-16
  Iteration :  11
  ftreg     = -0.19076E+03
  ftreg     = -0.19076E+03
  ftreg     = -0.19076E+03
  ftreg     = -0.19076E+03
  ftreg     = -0.19076E+03
  ftreg     = -0.19076E+03
  ftreg     = -0.19076E+03
  ftreg     = -0.19076E+03
         df : 0.50000E-01, dfact :  0.50000E-01,      arc :  0.00000E+00
      rnorm : 0.62766E-14, fnorm :  0.50000E+02, RESIDUAL :  0.12553E-15
  Iteration :  12
  ftreg     = -0.19076E+03
  ftreg     = -0.19076E+03
  ftreg     = -0.19076E+03
  ftreg     = -0.19076E+03
  ftreg     = -0.19076E+03
  ftreg     = -0.19076E+03
  ftreg     = -0.19076E+03
  ftreg     = -0.19076E+03
         df : 0.50000E-01, dfact :  0.50000E-01,      arc :  0.00000E+00
      rnorm : 0.99076E-14, fnorm :  0.50000E+02, RESIDUAL :  0.19815E-15
  Iteration :  13
  ftreg     = -0.19076E+03
  ftreg     = -0.19076E+03
  ftreg     = -0.19076E+03
  ftreg     = -0.19076E+03
  ftreg     = -0.19076E+03
  ftreg     = -0.19076E+03
  ftreg     = -0.19076E+03
  ftreg     = -0.19076E+03
         df : 0.50000E-01, dfact :  0.50000E-01,      arc :  0.00000E+00
      rnorm : 0.66535E-14, fnorm :  0.50000E+02, RESIDUAL :  0.13307E-15
  Iteration :  14
  ftreg     = -0.19076E+03
  ftreg     = -0.19076E+03
  ftreg     = -0.19076E+03
  ftreg     = -0.19076E+03
  ftreg     = -0.19076E+03
  ftreg     = -0.19076E+03
  ftreg     = -0.19076E+03
  ftreg     = -0.19076E+03
         df : 0.50000E-01, dfact :  0.50000E-01,      arc :  0.00000E+00
      rnorm : 0.12287E-13, fnorm :  0.50000E+02, RESIDUAL :  0.24575E-15
  Iteration :  15
  ftreg     = -0.19076E+03
  ftreg     = -0.19076E+03
  ftreg     = -0.19076E+03
  ftreg     = -0.19076E+03
  ftreg     = -0.19076E+03
  ftreg     = -0.19076E+03
  ftreg     = -0.19076E+03
  ftreg     = -0.19076E+03
         df : 0.50000E-01, dfact :  0.50000E-01,      arc :  0.00000E+00
      rnorm : 0.15224E-13, fnorm :  0.50000E+02, RESIDUAL :  0.30448E-15
  Iteration :  16
  ftreg     = -0.19076E+03
  ftreg     = -0.19076E+03
  ftreg     = -0.19076E+03
  ftreg     = -0.19076E+03
  ftreg     = -0.19076E+03
  ftreg     = -0.19076E+03
  ftreg     = -0.19076E+03
  ftreg     = -0.19076E+03
         df : 0.50000E-01, dfact :  0.50000E-01,      arc :  0.00000E+00
      rnorm : 0.90594E-14, fnorm :  0.50000E+02, RESIDUAL :  0.18119E-15
  Iteration :  17
  ftreg     = -0.19076E+03
  ftreg     = -0.19076E+03
  ftreg     = -0.19076E+03
  ftreg     = -0.19076E+03
  ftreg     = -0.19076E+03
  ftreg     = -0.19076E+03
  ftreg     = -0.19076E+03
  ftreg     = -0.19076E+03
         df : 0.50000E-01, dfact :  0.50000E-01,      arc :  0.00000E+00
      rnorm : 0.76077E-14, fnorm :  0.50000E+02, RESIDUAL :  0.15215E-15
  Iteration :  18
  ftreg     = -0.19076E+03
  ftreg     = -0.19076E+03
  ftreg     = -0.19076E+03
  ftreg     = -0.19076E+03
  ftreg     = -0.19076E+03
  ftreg     = -0.19076E+03
  ftreg     = -0.19076E+03
  ftreg     = -0.19076E+03
         df : 0.50000E-01, dfact :  0.50000E-01,      arc :  0.00000E+00
      rnorm : 0.42471E-14, fnorm :  0.50000E+02, RESIDUAL :  0.84942E-16
  Iteration :  19
  ftreg     = -0.19076E+03
  ftreg     = -0.19076E+03
  ftreg     = -0.19076E+03
  ftreg     = -0.19076E+03
  ftreg     = -0.19076E+03
  ftreg     = -0.19076E+03
  ftreg     = -0.19076E+03
  ftreg     = -0.19076E+03
         df : 0.50000E-01, dfact :  0.50000E-01,      arc :  0.00000E+00
      rnorm : 0.58962E-14, fnorm :  0.50000E+02, RESIDUAL :  0.11792E-15
  Iteration :  20
  ftreg     = -0.19076E+03
  ftreg     = -0.19076E+03
  ftreg     = -0.19076E+03
  ftreg     = -0.19076E+03
  ftreg     = -0.19076E+03
  ftreg     = -0.19076E+03
  ftreg     = -0.19076E+03
  ftreg     = -0.19076E+03
         df : 0.50000E-01, dfact :  0.50000E-01,      arc :  0.00000E+00
      rnorm : 0.11063E-13, fnorm :  0.50000E+02, RESIDUAL :  0.22126E-15
 Iteration Does NOT CONVERGED!!

Some error has occured Check the error ID
  error ID :    20
Emergency STOP!
