
     ************************************************
     **                                            **
     **     Welcome to "PLSTss"  Version 2.3       **
     **                          ( 2012.11.20 )    **
     **                                            **
     ************************************************


*) Enter the input file name without extension:  

   ***** Information for the Renumbered DOF does NOT exist! *****
         Use the Default Numbering for Assemble


     CHECKing the FEM data ............................. done!!

   ***** PARDISO Solver will be Used for the Analysis *****
       with Compressed Row Storage format for Upper Part

   ***** PLSTss Parameters for FE-model *****
      1) Total Number of Nodes:                      8
      2) Total Number of Elements:                   1
      3) Total Number of Degrees of Freedom:        24
      4) Total DOF to be solved:                    12
      5) Total Stiffness Array Size:               300
      6) Total SAS to be solved:                    78
      7) Number of DOF/node:                         3
      8) Number of Nodes/Element:                    8
      9) Number of Material Properties:              1
     10) Number of Material Angles:                  1
     11) Number of Loading Sets:                     1
     12) Number of Point Loads:                      4
     13) Number of Distributed Loads:                0
     14) Number of Body Forces:                      0
     15) Number of Prescribed Displacements:         7

      *) TOLERANCE of this computation:    1.00000E-10


   ***** PLSTss Array Size for Computation *****
     *) Total Array Size Required for Computation:       2317
     *) Array Size Declared in "main.f" (NDIM):     100000000
     *) Approximately Memory Size:                    762.939 MByte

