
     ************************************************
     **                                            **
     **     Welcome to "PLSTss"  Version 2.3       **
     **                          ( 2012.11.20 )    **
     **                                            **
     ************************************************


*) Enter the input file name without extension:  

   ***** Information for the Renumbered DOF does NOT exist! *****
         Use the Default Numbering for Assemble


     CHECKing the FEM data ............................. done!!

   ***** PARDISO Solver will be Used for the Analysis *****
       with Compressed Row Storage format for Upper Part

   ***** PLSTss Parameters for FE-model *****
      1) Total Number of Nodes:                      8
      2) Total Number of Elements:                   1
      3) Total Number of Degrees of Freedom:        24
      4) Total DOF to be solved:                    12
      5) Total Stiffness Array Size:               300
      6) Total SAS to be solved:                    78
      7) Number of DOF/node:                         3
      8) Number of Nodes/Element:                    8
      9) Number of Material Properties:              1
     10) Number of Material Angles:                  1
     11) Number of Loading Sets:                     1
     12) Number of Point Loads:                      4
     13) Number of Distributed Loads:                0
     14) Number of Body Forces:                      0
     15) Number of Prescribed Displacements:         7

      *) TOLERANCE of this computation:    1.00000E-50


   ***** PLSTss Array Size for Computation *****
     *) Total Array Size Required for Computation:       2182
     *) Array Size Declared in "main.f" (NDIM):     100000000
     *) Approximately Memory Size:                    762.939 MByte


     READing the FEM data ................ done!!


***** Loading Step :     1/   10 *****
  Iteration :   1

          Total Peak Memory during factorization:        147 (KB)
          Parmanet Memory from phase1 to phase3:         147 (KB)
          Total Double Precision Memory for solving:       2 (KB)

  ftreg     = -0.16038E+03
  ftreg     = -0.16038E+03
  ftreg     = -0.16038E+03
  ftreg     = -0.16038E+03
  ftreg     = -0.16038E+03
  ftreg     = -0.16038E+03
  ftreg     = -0.16038E+03
  ftreg     = -0.16038E+03
         df : 0.10000E+00, dfact :  0.10000E+00,      arc :  0.00000E+00
      rnorm : 0.33153E-13, fnorm :  0.80000E+02, RESIDUAL :  0.41441E-15
  Iteration :   2
  ftreg     = -0.16038E+03
  ftreg     = -0.16038E+03
  ftreg     = -0.16038E+03
  ftreg     = -0.16038E+03
  ftreg     = -0.16038E+03
  ftreg     = -0.16038E+03
  ftreg     = -0.16038E+03
  ftreg     = -0.16038E+03
         df : 0.10000E+00, dfact :  0.10000E+00,      arc :  0.00000E+00
      rnorm : 0.13333E-13, fnorm :  0.80000E+02, RESIDUAL :  0.16667E-15
  Iteration :   3
  ftreg     = -0.16038E+03
  ftreg     = -0.16038E+03
  ftreg     = -0.16038E+03
  ftreg     = -0.16038E+03
  ftreg     = -0.16038E+03
  ftreg     = -0.16038E+03
  ftreg     = -0.16038E+03
  ftreg     = -0.16038E+03
         df : 0.10000E+00, dfact :  0.10000E+00,      arc :  0.00000E+00
      rnorm : 0.92728E-14, fnorm :  0.80000E+02, RESIDUAL :  0.11591E-15
  Iteration :   4
  ftreg     = -0.16038E+03
  ftreg     = -0.16038E+03
  ftreg     = -0.16038E+03
  ftreg     = -0.16038E+03
  ftreg     = -0.16038E+03
  ftreg     = -0.16038E+03
  ftreg     = -0.16038E+03
  ftreg     = -0.16038E+03
         df : 0.10000E+00, dfact :  0.10000E+00,      arc :  0.00000E+00
      rnorm : 0.28600E-13, fnorm :  0.80000E+02, RESIDUAL :  0.35749E-15
  Iteration :   5
  ftreg     = -0.16038E+03
  ftreg     = -0.16038E+03
  ftreg     = -0.16038E+03
  ftreg     = -0.16038E+03
  ftreg     = -0.16038E+03
  ftreg     = -0.16038E+03
  ftreg     = -0.16038E+03
  ftreg     = -0.16038E+03
         df : 0.10000E+00, dfact :  0.10000E+00,      arc :  0.00000E+00
      rnorm : 0.23964E-13, fnorm :  0.80000E+02, RESIDUAL :  0.29955E-15
  Iteration :   6
  ftreg     = -0.16038E+03
  ftreg     = -0.16038E+03
  ftreg     = -0.16038E+03
  ftreg     = -0.16038E+03
  ftreg     = -0.16038E+03
  ftreg     = -0.16038E+03
  ftreg     = -0.16038E+03
  ftreg     = -0.16038E+03
         df : 0.10000E+00, dfact :  0.10000E+00,      arc :  0.00000E+00
      rnorm : 0.13537E-13, fnorm :  0.80000E+02, RESIDUAL :  0.16921E-15
  Iteration :   7
  ftreg     = -0.16038E+03
  ftreg     = -0.16038E+03
  ftreg     = -0.16038E+03
  ftreg     = -0.16038E+03
  ftreg     = -0.16038E+03
  ftreg     = -0.16038E+03
  ftreg     = -0.16038E+03
  ftreg     = -0.16038E+03
         df : 0.10000E+00, dfact :  0.10000E+00,      arc :  0.00000E+00
      rnorm : 0.21763E-13, fnorm :  0.80000E+02, RESIDUAL :  0.27204E-15
  Iteration :   8
  ftreg     = -0.16038E+03
  ftreg     = -0.16038E+03
  ftreg     = -0.16038E+03
  ftreg     = -0.16038E+03
  ftreg     = -0.16038E+03
  ftreg     = -0.16038E+03
  ftreg     = -0.16038E+03
  ftreg     = -0.16038E+03
         df : 0.10000E+00, dfact :  0.10000E+00,      arc :  0.00000E+00
      rnorm : 0.17763E-13, fnorm :  0.80000E+02, RESIDUAL :  0.22204E-15
  Iteration :   9
  ftreg     = -0.16038E+03
  ftreg     = -0.16038E+03
  ftreg     = -0.16038E+03
  ftreg     = -0.16038E+03
  ftreg     = -0.16038E+03
  ftreg     = -0.16038E+03
  ftreg     = -0.16038E+03
  ftreg     = -0.16038E+03
         df : 0.10000E+00, dfact :  0.10000E+00,      arc :  0.00000E+00
      rnorm : 0.11332E-13, fnorm :  0.80000E+02, RESIDUAL :  0.14165E-15
  Iteration :  10
  ftreg     = -0.16038E+03
  ftreg     = -0.16038E+03
  ftreg     = -0.16038E+03
  ftreg     = -0.16038E+03
  ftreg     = -0.16038E+03
  ftreg     = -0.16038E+03
  ftreg     = -0.16038E+03
  ftreg     = -0.16038E+03
         df : 0.10000E+00, dfact :  0.10000E+00,      arc :  0.00000E+00
      rnorm : 0.10688E-13, fnorm :  0.80000E+02, RESIDUAL :  0.13361E-15
  Iteration :  11
  ftreg     = -0.16038E+03
  ftreg     = -0.16038E+03
  ftreg     = -0.16038E+03
  ftreg     = -0.16038E+03
  ftreg     = -0.16038E+03
  ftreg     = -0.16038E+03
  ftreg     = -0.16038E+03
  ftreg     = -0.16038E+03
         df : 0.10000E+00, dfact :  0.10000E+00,      arc :  0.00000E+00
      rnorm : 0.21981E-13, fnorm :  0.80000E+02, RESIDUAL :  0.27477E-15
  Iteration :  12
  ftreg     = -0.16038E+03
  ftreg     = -0.16038E+03
  ftreg     = -0.16038E+03
  ftreg     = -0.16038E+03
  ftreg     = -0.16038E+03
  ftreg     = -0.16038E+03
  ftreg     = -0.16038E+03
  ftreg     = -0.16038E+03
         df : 0.10000E+00, dfact :  0.10000E+00,      arc :  0.00000E+00
      rnorm : 0.26077E-13, fnorm :  0.80000E+02, RESIDUAL :  0.32597E-15
  Iteration :  13
  ftreg     = -0.16038E+03
  ftreg     = -0.16038E+03
  ftreg     = -0.16038E+03
  ftreg     = -0.16038E+03
  ftreg     = -0.16038E+03
  ftreg     = -0.16038E+03
  ftreg     = -0.16038E+03
  ftreg     = -0.16038E+03
         df : 0.10000E+00, dfact :  0.10000E+00,      arc :  0.00000E+00
      rnorm : 0.22928E-13, fnorm :  0.80000E+02, RESIDUAL :  0.28660E-15
  Iteration :  14
  ftreg     = -0.16038E+03
  ftreg     = -0.16038E+03
  ftreg     = -0.16038E+03
  ftreg     = -0.16038E+03
  ftreg     = -0.16038E+03
  ftreg     = -0.16038E+03
  ftreg     = -0.16038E+03
  ftreg     = -0.16038E+03
         df : 0.10000E+00, dfact :  0.10000E+00,      arc :  0.00000E+00
      rnorm : 0.10284E-13, fnorm :  0.80000E+02, RESIDUAL :  0.12856E-15
  Iteration :  15
  ftreg     = -0.16038E+03
  ftreg     = -0.16038E+03
  ftreg     = -0.16038E+03
  ftreg     = -0.16038E+03
  ftreg     = -0.16038E+03
  ftreg     = -0.16038E+03
  ftreg     = -0.16038E+03
  ftreg     = -0.16038E+03
         df : 0.10000E+00, dfact :  0.10000E+00,      arc :  0.00000E+00
      rnorm : 0.11772E-13, fnorm :  0.80000E+02, RESIDUAL :  0.14715E-15
  Iteration :  16
  ftreg     = -0.16038E+03
  ftreg     = -0.16038E+03
  ftreg     = -0.16038E+03
  ftreg     = -0.16038E+03
  ftreg     = -0.16038E+03
  ftreg     = -0.16038E+03
  ftreg     = -0.16038E+03
  ftreg     = -0.16038E+03
         df : 0.10000E+00, dfact :  0.10000E+00,      arc :  0.00000E+00
      rnorm : 0.13258E-13, fnorm :  0.80000E+02, RESIDUAL :  0.16572E-15
  Iteration :  17
  ftreg     = -0.16038E+03
  ftreg     = -0.16038E+03
  ftreg     = -0.16038E+03
  ftreg     = -0.16038E+03
  ftreg     = -0.16038E+03
  ftreg     = -0.16038E+03
  ftreg     = -0.16038E+03
  ftreg     = -0.16038E+03
         df : 0.10000E+00, dfact :  0.10000E+00,      arc :  0.00000E+00
      rnorm : 0.14501E-13, fnorm :  0.80000E+02, RESIDUAL :  0.18127E-15
  Iteration :  18
  ftreg     = -0.16038E+03
  ftreg     = -0.16038E+03
  ftreg     = -0.16038E+03
  ftreg     = -0.16038E+03
  ftreg     = -0.16038E+03
  ftreg     = -0.16038E+03
  ftreg     = -0.16038E+03
  ftreg     = -0.16038E+03
         df : 0.10000E+00, dfact :  0.10000E+00,      arc :  0.00000E+00
      rnorm : 0.22048E-13, fnorm :  0.80000E+02, RESIDUAL :  0.27560E-15
  Iteration :  19
  ftreg     = -0.16038E+03
  ftreg     = -0.16038E+03
  ftreg     = -0.16038E+03
  ftreg     = -0.16038E+03
  ftreg     = -0.16038E+03
  ftreg     = -0.16038E+03
  ftreg     = -0.16038E+03
  ftreg     = -0.16038E+03
         df : 0.10000E+00, dfact :  0.10000E+00,      arc :  0.00000E+00
      rnorm : 0.12670E-13, fnorm :  0.80000E+02, RESIDUAL :  0.15837E-15
  Iteration :  20
  ftreg     = -0.16038E+03
  ftreg     = -0.16038E+03
  ftreg     = -0.16038E+03
  ftreg     = -0.16038E+03
  ftreg     = -0.16038E+03
  ftreg     = -0.16038E+03
  ftreg     = -0.16038E+03
  ftreg     = -0.16038E+03
         df : 0.10000E+00, dfact :  0.10000E+00,      arc :  0.00000E+00
      rnorm : 0.87443E-14, fnorm :  0.80000E+02, RESIDUAL :  0.10930E-15
 Iteration Does NOT CONVERGED!!

Some error has occured Check the error ID
  error ID :    20
Emergency STOP!
