
     ************************************************
     **                                            **
     **     Welcome to "PLSTss"  Version 2.3       **
     **                          ( 2012.11.20 )    **
     **                                            **
     ************************************************


*) Enter the input file name without extension:  

   ***** Information for the Renumbered DOF does NOT exist! *****
         Use the Default Numbering for Assemble


     CHECKing the FEM data ............................. done!!

   ***** PARDISO Solver will be Used for the Analysis *****
       with Compressed Row Storage format for Upper Part

   ***** PLSTss Parameters for FE-model *****
      1) Total Number of Nodes:                      8
      2) Total Number of Elements:                   1
      3) Total Number of Degrees of Freedom:        24
      4) Total DOF to be solved:                    12
      5) Total Stiffness Array Size:               300
      6) Total SAS to be solved:                    78
      7) Number of DOF/node:                         3
      8) Number of Nodes/Element:                    8
      9) Number of Material Properties:              1
     10) Number of Material Angles:                  1
     11) Number of Loading Sets:                     1
     12) Number of Point Loads:                      4
     13) Number of Distributed Loads:                0
     14) Number of Body Forces:                      0
     15) Number of Prescribed Displacements:         7

      *) TOLERANCE of this computation:    1.00000E-10


   ***** PLSTss Array Size for Computation *****
     *) Total Array Size Required for Computation:       2317
     *) Array Size Declared in "main.f" (NDIM):     100000000
     *) Approximately Memory Size:                    762.939 MByte


     READing the FEM data ................ done!!


***** Loading Step :     1/  100 *****
  Iteration :   1

          Total Peak Memory during factorization:        147 (KB)
          Parmanet Memory from phase1 to phase3:         147 (KB)
          Total Double Precision Memory for solving:       2 (KB)

         df : 0.10000E-01, dfact :  0.10000E-01,      arc :  0.00000E+00
      rnorm : 0.40622E-14, fnorm :  0.18618E+02
   ||Rf||/||F|| :  0.21818E-15, ||Rg|| :  0.00000E+00 [Block Newton]
 Block Newton: Both criteria satisfied

***** Loading Step :     2/  100 *****
  Iteration :   1
         df : 0.10000E-01, dfact :  0.20000E-01,      arc :  0.00000E+00
      rnorm : 0.81245E-14, fnorm :  0.18618E+02
   ||Rf||/||F|| :  0.43637E-15, ||Rg|| :  0.00000E+00 [Block Newton]
 Block Newton: Both criteria satisfied

***** Loading Step :     3/  100 *****
  Iteration :   1
         df : 0.10000E-01, dfact :  0.30000E-01,      arc :  0.00000E+00
      rnorm : 0.14415E-13, fnorm :  0.18618E+02
   ||Rf||/||F|| :  0.77423E-15, ||Rg|| :  0.00000E+00 [Block Newton]
 Block Newton: Both criteria satisfied

***** Loading Step :     4/  100 *****
  Iteration :   1
         df : 0.10000E-01, dfact :  0.40000E-01,      arc :  0.00000E+00
      rnorm : 0.16249E-13, fnorm :  0.18618E+02
   ||Rf||/||F|| :  0.87273E-15, ||Rg|| :  0.00000E+00 [Block Newton]
 Block Newton: Both criteria satisfied

***** Loading Step :     5/  100 *****
  Iteration :   1
         df : 0.10000E-01, dfact :  0.50000E-01,      arc :  0.00000E+00
      rnorm : 0.41067E-13, fnorm :  0.18618E+02
   ||Rf||/||F|| :  0.22057E-14, ||Rg|| :  0.00000E+00 [Block Newton]
 Block Newton: Both criteria satisfied

***** Loading Step :     6/  100 *****
  Iteration :   1
         df : 0.10000E-01, dfact :  0.60000E-01,      arc :  0.00000E+00
      rnorm : 0.32513E-13, fnorm :  0.18618E+02
   ||Rf||/||F|| :  0.17463E-14, ||Rg|| :  0.00000E+00 [Block Newton]
 Block Newton: Both criteria satisfied

***** Loading Step :     7/  100 *****
  Iteration :   1
         df : 0.10000E-01, dfact :  0.70000E-01,      arc :  0.00000E+00
      rnorm : 0.40283E-13, fnorm :  0.18618E+02
   ||Rf||/||F|| :  0.21636E-14, ||Rg|| :  0.00000E+00 [Block Newton]
 Block Newton: Both criteria satisfied

***** Loading Step :     8/  100 *****
  Iteration :   1
         df : 0.10000E-01, dfact :  0.80000E-01,      arc :  0.00000E+00
      rnorm : 0.34766E-13, fnorm :  0.18618E+02
   ||Rf||/||F|| :  0.18673E-14, ||Rg|| :  0.00000E+00 [Block Newton]
 Block Newton: Both criteria satisfied

***** Loading Step :     9/  100 *****
  Iteration :   1
         df : 0.10000E-01, dfact :  0.90000E-01,      arc :  0.00000E+00
      rnorm : 0.50742E-13, fnorm :  0.18618E+02
   ||Rf||/||F|| :  0.27254E-14, ||Rg|| :  0.00000E+00 [Block Newton]
 Block Newton: Both criteria satisfied

***** Loading Step :    10/  100 *****
  Iteration :   1
         df : 0.10000E-01, dfact :  0.10000E+00,      arc :  0.00000E+00
      rnorm : 0.64621E-13, fnorm :  0.18618E+02
   ||Rf||/||F|| :  0.34708E-14, ||Rg|| :  0.00000E+00 [Block Newton]
 Block Newton: Both criteria satisfied

***** Loading Step :    11/  100 *****
  Iteration :   1
         df : 0.10000E-01, dfact :  0.11000E+00,      arc :  0.00000E+00
      rnorm : 0.65004E-13, fnorm :  0.18618E+02
   ||Rf||/||F|| :  0.34914E-14, ||Rg|| :  0.00000E+00 [Block Newton]
 Block Newton: Both criteria satisfied

***** Loading Step :    12/  100 *****
  Iteration :   1
         df : 0.10000E-01, dfact :  0.12000E+00,      arc :  0.00000E+00
      rnorm : 0.55077E-13, fnorm :  0.18618E+02
   ||Rf||/||F|| :  0.29582E-14, ||Rg|| :  0.00000E+00 [Block Newton]
 Block Newton: Both criteria satisfied

***** Loading Step :    13/  100 *****
  Iteration :   1
forrtl: 致命的なエラー (194): ランタイムチェックに失敗しました。変数 'stress_dp_bn_$A_COEFF' が定義しないで 'src/stress_dp_bn.f(392,9)' で使用されています。
Image              PC                Routine            Line        Source             
plstss2393_nagasa  000000000048AB17  Unknown               Unknown  Unknown
plstss2393_nagasa  000000000044D1DC  Unknown               Unknown  Unknown
plstss2393_nagasa  0000000000472E8D  Unknown               Unknown  Unknown
plstss2393_nagasa  000000000040B842  Unknown               Unknown  Unknown
plstss2393_nagasa  0000000000407A39  Unknown               Unknown  Unknown
plstss2393_nagasa  0000000000404432  Unknown               Unknown  Unknown
libc.so.6          00007F9844640E6C  Unknown               Unknown  Unknown
libc.so.6          00007F9844640F35  __libc_start_main     Unknown  Unknown
plstss2393_nagasa  0000000000404321  Unknown               Unknown  Unknown
